[2026-03-02T10:24:52.007Z] GET campaigns | platform=google
[2026-03-02T10:24:54.151Z] [DEBUG_SVC] Campaign Thumbnails: 270 rows
[2026-03-02T10:24:54.167Z] GET campaigns | platform=google
[2026-03-02T10:24:54.167Z] [DEBUG_SVC] Campaign Thumbnails: 270 rows
[2026-03-02T10:24:57.616Z] GET ads | platform=google
[2026-03-02T10:24:59.025Z] [DEBUG_SVC] Video Ads: 0 rows
[2026-03-02T10:24:59.135Z] [DEBUG_SVC] RSA enrichment: 0 rows
[2026-03-02T10:24:59.296Z] [DEBUG_SVC] DemandGen Multi-Asset: 0 rows
[2026-03-02T10:24:59.498Z] [DEBUG_SVC] Display enrichment: 0 rows
[2026-03-02T10:25:00.152Z] [DEBUG_SVC] DemandGen Video Responsive: 0 rows
[2026-03-02T10:25:00.891Z] [DEBUG_SVC] DemandGen Carousel: 0 rows
[2026-03-02T10:25:02.879Z] [DEBUG_SVC] Asset View (all types): 0 rows
[2026-03-02T10:25:03.637Z] [DEBUG_SVC] PMAX Asset Groups: 10 rows
[2026-03-02T10:25:04.409Z] [DEBUG_SVC] PMAX Assets: 489 rows
[2026-03-02T10:25:07.948Z] [DEBUG_SVC] fetchAds: baseAds=0, pmax=10
[2026-03-02T10:25:07.949Z] [DEBUG_SVC] First PMAX ad images: 25
[2026-03-02T10:25:11.615Z] GET ads/pmax_6673975076/assets | platform=google
[2026-03-02T10:25:13.336Z] [DEBUG_SVC] Video Ads: 0 rows
[2026-03-02T10:25:13.427Z] [DEBUG_SVC] DemandGen Multi-Asset: 44 rows
[2026-03-02T10:25:13.619Z] [DEBUG_SVC] Display enrichment: 52 rows
[2026-03-02T10:25:13.792Z] [DEBUG_SVC] RSA enrichment: 959 rows
[2026-03-02T10:25:14.112Z] [DEBUG_SVC] DemandGen Video Responsive: 64 rows
[2026-03-02T10:25:14.786Z] [DEBUG_SVC] DemandGen Carousel: 1 rows
[2026-03-02T10:25:20.920Z] [DEBUG_SVC] Asset View (all types): 33011 rows
[2026-03-02T10:25:21.809Z] [DEBUG_SVC] PMAX Asset Groups: 482 rows
[2026-03-02T10:25:25.755Z] [DEBUG_SVC] PMAX Assets: 25627 rows
[2026-03-02T10:25:26.230Z] [DEBUG_SVC] fetchAds: baseAds=1247, pmax=482
[2026-03-02T10:25:26.230Z] [DEBUG_SVC] First PMAX ad images: 25
[2026-03-02T10:29:00.276Z] GET campaigns | platform=google
[2026-03-02T10:29:02.126Z] [DEBUG_SVC] Campaign Thumbnails: 270 rows
[2026-03-02T10:29:02.159Z] GET campaigns | platform=google
[2026-03-02T10:29:02.161Z] [DEBUG_SVC] Campaign Thumbnails: 270 rows
[2026-03-02T10:41:07.426Z] GET campaigns | platform=google
[2026-03-02T10:41:09.071Z] [DEBUG_SVC] Campaign Thumbnails: 270 rows
[2026-03-02T10:41:09.093Z] GET campaigns | platform=google
[2026-03-02T10:41:09.094Z] [DEBUG_SVC] Campaign Thumbnails: 270 rows
[2026-03-02T10:41:13.818Z] GET ads | platform=google
[2026-03-02T10:41:15.238Z] [DEBUG_SVC] Display enrichment: 0 rows
[2026-03-02T10:41:15.390Z] [DEBUG_SVC] RSA enrichment: 0 rows
[2026-03-02T10:41:15.419Z] [DEBUG_SVC] Video Ads: 0 rows
[2026-03-02T10:41:15.506Z] [DEBUG_SVC] DemandGen Multi-Asset: 0 rows
[2026-03-02T10:41:16.346Z] [DEBUG_SVC] DemandGen Video Responsive: 0 rows
[2026-03-02T10:41:17.203Z] [DEBUG_SVC] DemandGen Carousel: 0 rows
[2026-03-02T10:41:19.038Z] [DEBUG_SVC] Asset View (all types): 0 rows
[2026-03-02T10:41:19.861Z] [DEBUG_SVC] PMAX Asset Groups: 10 rows
[2026-03-02T10:41:20.789Z] [DEBUG_SVC] PMAX Assets: 489 rows
[2026-03-02T10:41:24.227Z] [DEBUG_SVC] fetchAds: baseAds=0, pmax=10
[2026-03-02T10:41:24.227Z] [DEBUG_SVC] First PMAX ad images: 25
[2026-03-02T11:07:02.420Z] GET campaigns | platform=google
[2026-03-02T11:07:04.604Z] [DEBUG_SVC] Campaign Thumbnails: 270 rows
[2026-03-02T11:07:04.624Z] GET campaigns | platform=google
[2026-03-02T11:07:04.624Z] [DEBUG_SVC] Campaign Thumbnails: 270 rows
[2026-03-02T11:07:07.950Z] GET ads | platform=google
[2026-03-02T11:07:09.271Z] [DEBUG_SVC] Video Ads: 0 rows
[2026-03-02T11:07:09.303Z] [DEBUG_SVC] DemandGen Multi-Asset: 0 rows
[2026-03-02T11:07:09.385Z] [DEBUG_SVC] Display enrichment: 0 rows
[2026-03-02T11:07:09.518Z] [DEBUG_SVC] RSA enrichment: 0 rows
[2026-03-02T11:07:09.918Z] [DEBUG_SVC] DemandGen Video Responsive: 0 rows
[2026-03-02T11:07:10.521Z] [DEBUG_SVC] DemandGen Carousel: 0 rows
[2026-03-02T11:07:11.637Z] [DEBUG_SVC] Asset View (all types): 0 rows
[2026-03-02T11:07:12.328Z] [DEBUG_SVC] PMAX Asset Groups: 10 rows
[2026-03-02T11:07:13.325Z] [DEBUG_SVC] PMAX Assets: 489 rows
[2026-03-02T11:07:17.026Z] [DEBUG_SVC] fetchAds: baseAds=0, pmax=10
[2026-03-02T11:07:17.026Z] [DEBUG_SVC] First PMAX ad images: 25
[2026-03-02T11:11:07.424Z] GET campaigns | platform=google
[2026-03-02T11:11:09.125Z] [DEBUG_SVC] Campaign Thumbnails: 270 rows
[2026-03-02T11:11:09.150Z] GET campaigns | platform=google
[2026-03-02T11:11:09.150Z] [DEBUG_SVC] Campaign Thumbnails: 270 rows
[2026-03-02T11:11:14.236Z] GET ads | platform=google
[2026-03-02T11:11:15.507Z] [DEBUG_SVC] Video Ads: 0 rows
[2026-03-02T11:11:15.538Z] [DEBUG_SVC] DemandGen Multi-Asset: 0 rows
[2026-03-02T11:11:15.719Z] [DEBUG_SVC] RSA enrichment: 0 rows
[2026-03-02T11:11:15.764Z] [DEBUG_SVC] Display enrichment: 0 rows
[2026-03-02T11:11:16.352Z] [DEBUG_SVC] DemandGen Video Responsive: 0 rows
[2026-03-02T11:11:16.918Z] [DEBUG_SVC] DemandGen Carousel: 0 rows
[2026-03-02T11:11:17.819Z] [DEBUG_SVC] Asset View (all types): 0 rows
[2026-03-02T11:11:18.654Z] [DEBUG_SVC] PMAX Asset Groups: 10 rows
[2026-03-02T11:11:19.473Z] [DEBUG_SVC] PMAX Assets: 489 rows
[2026-03-02T11:11:22.678Z] [DEBUG_SVC] fetchAds: baseAds=0, pmax=10
[2026-03-02T11:11:22.679Z] [DEBUG_SVC] First PMAX ad images: 25
[2026-03-02T11:11:31.138Z] GET ads/pmax_6673975076/assets | platform=google
[2026-03-02T11:11:32.946Z] [DEBUG_SVC] Display enrichment: 52 rows
[2026-03-02T11:11:33.012Z] [DEBUG_SVC] DemandGen Multi-Asset: 44 rows
[2026-03-02T11:11:33.018Z] [DEBUG_SVC] Video Ads: 0 rows
[2026-03-02T11:11:33.358Z] [DEBUG_SVC] RSA enrichment: 959 rows
[2026-03-02T11:11:33.804Z] [DEBUG_SVC] DemandGen Video Responsive: 64 rows
[2026-03-02T11:11:34.447Z] [DEBUG_SVC] DemandGen Carousel: 1 rows
[2026-03-02T11:11:39.564Z] [DEBUG_SVC] Asset View (all types): 33011 rows
[2026-03-02T11:11:40.382Z] [DEBUG_SVC] PMAX Asset Groups: 482 rows
[2026-03-02T11:11:44.428Z] [DEBUG_SVC] PMAX Assets: 25627 rows
[2026-03-02T11:11:44.862Z] [DEBUG_SVC] fetchAds: baseAds=1247, pmax=482
[2026-03-02T11:11:44.863Z] [DEBUG_SVC] First PMAX ad images: 25
[2026-03-02T11:17:07.984Z] GET campaigns | platform=google
[2026-03-02T11:17:09.999Z] [DEBUG_SVC] Campaign Thumbnails: 270 rows
[2026-03-02T11:17:10.019Z] GET campaigns | platform=google
[2026-03-02T11:17:10.020Z] [DEBUG_SVC] Campaign Thumbnails: 270 rows
[2026-03-02T11:22:29.233Z] GET campaigns | platform=google
[2026-03-02T11:22:30.947Z] [DEBUG_SVC] Campaign Thumbnails: 270 rows
[2026-03-02T11:22:30.967Z] GET campaigns | platform=google
[2026-03-02T11:22:30.967Z] [DEBUG_SVC] Campaign Thumbnails: 270 rows
[2026-03-02T11:24:24.666Z] GET campaigns | platform=google
[2026-03-02T11:24:26.499Z] [DEBUG_SVC] Campaign Thumbnails: 270 rows
[2026-03-02T11:24:26.520Z] GET campaigns | platform=google
[2026-03-02T11:24:26.522Z] [DEBUG_SVC] Campaign Thumbnails: 270 rows
[2026-03-02T11:30:51.717Z] GET campaigns | platform=google
[2026-03-02T11:30:53.384Z] [DEBUG_SVC] Campaign Thumbnails: 270 rows
[2026-03-02T11:30:53.403Z] GET campaigns | platform=google
[2026-03-02T11:30:53.404Z] [DEBUG_SVC] Campaign Thumbnails: 270 rows
[2026-03-02T11:31:12.829Z] GET campaigns | platform=google
[2026-03-02T11:31:12.829Z] [DEBUG_SVC] Campaign Thumbnails: 270 rows
[2026-03-02T11:31:12.841Z] GET campaigns | platform=google
[2026-03-02T11:31:12.842Z] [DEBUG_SVC] Campaign Thumbnails: 270 rows
[2026-03-02T11:31:52.834Z] GET ads | platform=google
[2026-03-02T11:31:54.847Z] [DEBUG_SVC] Display enrichment: 0 rows
[2026-03-02T11:31:54.955Z] [DEBUG_SVC] DemandGen Multi-Asset: 0 rows
[2026-03-02T11:31:55.620Z] [DEBUG_SVC] DemandGen Video Responsive: 0 rows
[2026-03-02T11:31:55.745Z] [DEBUG_SVC] RSA enrichment: 0 rows
[2026-03-02T11:31:56.434Z] [DEBUG_SVC] DemandGen Carousel: 0 rows
[2026-03-02T11:31:59.824Z] [DEBUG_SVC] Video Ads: 0 rows
[2026-03-02T11:32:07.838Z] [DEBUG_SVC] Asset View (all types): 0 rows
[2026-03-02T11:32:08.767Z] [DEBUG_SVC] PMAX Asset Groups: 10 rows
[2026-03-02T11:32:13.869Z] [DEBUG_SVC] PMAX Assets: 489 rows
[2026-03-02T11:32:18.402Z] [DEBUG_SVC] fetchAds: baseAds=0, pmax=10
[2026-03-02T11:32:18.402Z] [DEBUG_SVC] First PMAX ad images: 25
[2026-03-02T11:32:39.073Z] GET ads/pmax_6673975076/assets | platform=google
[2026-03-02T11:32:41.253Z] [DEBUG_SVC] Video Ads: 0 rows
[2026-03-02T11:32:41.285Z] [DEBUG_SVC] DemandGen Multi-Asset: 44 rows
[2026-03-02T11:32:41.336Z] [DEBUG_SVC] Display enrichment: 52 rows
[2026-03-02T11:32:41.851Z] [DEBUG_SVC] RSA enrichment: 959 rows
[2026-03-02T11:32:42.184Z] [DEBUG_SVC] DemandGen Video Responsive: 64 rows
[2026-03-02T11:32:43.053Z] [DEBUG_SVC] DemandGen Carousel: 1 rows
[2026-03-02T11:32:48.994Z] [DEBUG_SVC] Asset View (all types): 33011 rows
[2026-03-02T11:32:50.104Z] [DEBUG_SVC] PMAX Asset Groups: 482 rows
[2026-03-02T11:32:53.870Z] [DEBUG_SVC] PMAX Assets: 25627 rows
[2026-03-02T11:32:57.558Z] [DEBUG_SVC] fetchAds: baseAds=1247, pmax=482
[2026-03-02T11:32:57.559Z] [DEBUG_SVC] First PMAX ad images: 25
[2026-03-02T12:18:33.910Z] GET campaigns | platform=google
[2026-03-02T12:18:36.853Z] [DEBUG_SVC] Campaign Thumbnails: 270 rows
[2026-03-02T12:18:36.874Z] GET campaigns | platform=google
[2026-03-02T12:18:36.875Z] [DEBUG_SVC] Campaign Thumbnails: 270 rows
[2026-03-02T12:19:11.162Z] GET ads | platform=google
[2026-03-02T12:19:13.128Z] [DEBUG_SVC] Video Ads: 0 rows
[2026-03-02T12:19:13.209Z] [DEBUG_SVC] DemandGen Multi-Asset: 0 rows
[2026-03-02T12:19:13.317Z] [DEBUG_SVC] Display enrichment: 0 rows
[2026-03-02T12:19:13.329Z] [DEBUG_SVC] RSA enrichment: 0 rows
[2026-03-02T12:19:14.027Z] [DEBUG_SVC] DemandGen Video Responsive: 0 rows
[2026-03-02T12:19:14.860Z] [DEBUG_SVC] DemandGen Carousel: 0 rows
[2026-03-02T12:19:16.133Z] [DEBUG_SVC] Asset View (all types): 0 rows
[2026-03-02T12:19:17.163Z] [DEBUG_SVC] PMAX Asset Groups: 10 rows
[2026-03-02T12:19:18.200Z] [DEBUG_SVC] PMAX Assets: 489 rows
[2026-03-02T12:19:22.148Z] [DEBUG_SVC] fetchAds: baseAds=0, pmax=10
[2026-03-02T12:19:22.149Z] [DEBUG_SVC] First PMAX ad images: 25
[2026-03-02T12:19:28.815Z] GET ads/pmax_6673975076/assets | platform=google
[2026-03-02T12:19:30.675Z] [DEBUG_SVC] Video Ads: 0 rows
[2026-03-02T12:19:30.788Z] [DEBUG_SVC] Display enrichment: 52 rows
[2026-03-02T12:19:30.846Z] [DEBUG_SVC] DemandGen Multi-Asset: 44 rows
[2026-03-02T12:19:31.172Z] [DEBUG_SVC] RSA enrichment: 959 rows
[2026-03-02T12:19:31.803Z] [DEBUG_SVC] DemandGen Video Responsive: 64 rows
[2026-03-02T12:19:32.624Z] [DEBUG_SVC] DemandGen Carousel: 1 rows
[2026-03-02T12:19:38.025Z] [DEBUG_SVC] Asset View (all types): 33011 rows
[2026-03-02T12:19:39.074Z] [DEBUG_SVC] PMAX Asset Groups: 482 rows
[2026-03-02T12:19:42.327Z] [DEBUG_SVC] PMAX Assets: 25630 rows
[2026-03-02T12:19:42.714Z] [DEBUG_SVC] fetchAds: baseAds=1247, pmax=482
[2026-03-02T12:19:42.715Z] [DEBUG_SVC] First PMAX ad images: 25
[2026-03-02T12:23:58.198Z] GET campaigns | platform=google
[2026-03-02T12:24:00.808Z] [DEBUG_SVC] Campaign Thumbnails: 270 rows
[2026-03-02T12:24:00.832Z] GET campaigns | platform=google
[2026-03-02T12:24:00.833Z] [DEBUG_SVC] Campaign Thumbnails: 270 rows
[2026-03-02T12:25:37.230Z] GET campaigns | platform=google
[2026-03-02T12:25:39.146Z] [DEBUG_SVC] Campaign Thumbnails: 270 rows
[2026-03-02T12:25:39.179Z] GET campaigns | platform=google
[2026-03-02T12:25:39.180Z] [DEBUG_SVC] Campaign Thumbnails: 270 rows
[2026-03-02T12:25:42.652Z] GET ads | platform=google
[2026-03-02T12:25:44.511Z] [DEBUG_SVC] RSA enrichment: 0 rows
[2026-03-02T12:25:44.525Z] [DEBUG_SVC] Display enrichment: 0 rows
[2026-03-02T12:25:44.623Z] [DEBUG_SVC] Video Ads: 0 rows
[2026-03-02T12:25:44.760Z] [DEBUG_SVC] DemandGen Multi-Asset: 0 rows
[2026-03-02T12:25:45.505Z] [DEBUG_SVC] DemandGen Video Responsive: 0 rows
[2026-03-02T12:25:46.236Z] [DEBUG_SVC] DemandGen Carousel: 0 rows
[2026-03-02T12:25:46.868Z] GET campaigns | platform=google
[2026-03-02T12:25:46.870Z] [DEBUG_SVC] Campaign Thumbnails: 270 rows
[2026-03-02T12:25:47.311Z] [DEBUG_SVC] Asset View (all types): 0 rows
[2026-03-02T12:25:48.192Z] [DEBUG_SVC] PMAX Asset Groups: 10 rows
[2026-03-02T12:25:49.201Z] [DEBUG_SVC] PMAX Assets: 489 rows
[2026-03-02T12:25:53.176Z] [DEBUG_SVC] fetchAds: baseAds=0, pmax=10
[2026-03-02T12:25:53.176Z] [DEBUG_SVC] First PMAX ad images: 25
[2026-03-02T12:30:23.783Z] GET campaigns | platform=google
[2026-03-02T12:30:25.848Z] [DEBUG_SVC] Campaign Thumbnails: 270 rows
[2026-03-02T12:38:02.398Z] GET campaigns | platform=google
[2026-03-02T12:38:04.535Z] [DEBUG_SVC] Campaign Thumbnails: 270 rows
[2026-03-02T12:38:04.572Z] GET campaigns | platform=google
[2026-03-02T12:38:04.573Z] [DEBUG_SVC] Campaign Thumbnails: 270 rows
